<?xml version="1.0" encoding="UTF-8"?>
<!-- Generated by org.testng.reporters.JUnitReportReporter -->
<testsuite hostname="LAPTOP-UB66RM2O" failures="0" tests="2" name="banjudittesting.ErrorValidations" time="4.937" errors="0" timestamp="2023-06-05T17:34:49 CEST" skipped="0">
  <testcase classname="banjudittesting.ErrorValidations" name="LoginErrorValidation" time="3.012"/>
  <system-out/>
  <testcase classname="banjudittesting.ErrorValidations" name="ProductErrorValidation" time="1.925"/>
  <system-out/>
</testsuite> <!-- banjudittesting.ErrorValidations -->
