<?xml version="1.0" encoding="UTF-8"?>
<!-- Generated by org.testng.reporters.JUnitReportReporter -->
<testsuite hostname="LAPTOP-UB66RM2O" failures="0" tests="2" name="cucumber.TestNGTestRunner" time="5.186" errors="0" timestamp="2023-06-05T17:34:15 CEST" skipped="0">
  <testcase classname="cucumber.TestNGTestRunner" name="runScenario" time="2.786"/>
  <system-out/>
  <testcase classname="cucumber.TestNGTestRunner" name="runScenario" time="2.400"/>
  <system-out/>
</testsuite> <!-- cucumber.TestNGTestRunner -->
